This is pdfTeX, Version 3.14159265-2.6-1.40.15 (TeX Live 2015/dev/Debian) (preloaded format=pdflatex 2015.8.30)  15 NOV 2015 22:27
entering extended mode
 restricted \write18 enabled.
 %&-line parsing enabled.
**toy-road-network-example.m
(./toy-road-network-example.m
LaTeX2e <2014/05/01>
Babel <3.9l> and hyphenation patterns for 2 languages loaded.

! LaTeX Error: Missing \begin{document}.

See the LaTeX manual or LaTeX Companion for explanation.
Type  H <return>  for immediate help.
 ...                                              
                                                  
l.1 f
     lux_matrix = [ -1  1  0 -1  0  0;...
? q
OK, entering \batchmode...
Missing character: There is no f in font nullfont!
Missing character: There is no l in font nullfont!
Missing character: There is no u in font nullfont!
Missing character: There is no x in font nullfont!
! Missing $ inserted.
<inserted text> 
                $
l.1 flux_
         matrix = [ -1  1  0 -1  0  0;...
I've inserted a begin-math/end-math symbol since I think
you left one out. Proceed, with fingers crossed.

LaTeX Font Info:    External font `cmex10' loaded for size
(Font)              <7> on input line 1.
LaTeX Font Info:    External font `cmex10' loaded for size
(Font)              <5> on input line 1.
! Missing $ inserted.
<inserted text> 
                $
l.5 
    
I've inserted a begin-math/end-math symbol since I think
you left one out. Proceed, with fingers crossed.


Overfull \hbox (60.9984pt too wide) in paragraph at lines 1--5
[]$[]\OML/cmm/m/it/10 atrix \OT1/cmr/m/n/10 =
 []


Overfull \hbox (33.33344pt too wide) in paragraph at lines 1--5
\OT1/cmr/m/n/10 [\OMS/cmsy/m/n/10 ^^@\OT1/cmr/m/n/10 110 \OMS/cmsy/m/n/10 ^^@
 []


Overfull \hbox (40.55563pt too wide) in paragraph at lines 1--5
\OT1/cmr/m/n/10 100; \OML/cmm/m/it/10 :::\OT1/cmr/m/n/10 0 \OMS/cmsy/m/n/10 ^^@

 []


Overfull \hbox (12.77782pt too wide) in paragraph at lines 1--5
\OT1/cmr/m/n/10 1 \OMS/cmsy/m/n/10 ^^@
 []


Overfull \hbox (17.77783pt too wide) in paragraph at lines 1--5
\OT1/cmr/m/n/10 10 \OMS/cmsy/m/n/10 ^^@
 []


Overfull \hbox (98.33354pt too wide) in paragraph at lines 1--5
\OT1/cmr/m/n/10 10; \OML/cmm/m/it/10 :::\OT1/cmr/m/n/10 101001; \OML/cmm/m/it/1
0 :::\OT1/cmr/m/n/10 00011 \OMS/cmsy/m/n/10 ^^@
 []


Overfull \hbox (10.55559pt too wide) in paragraph at lines 1--5
\OT1/cmr/m/n/10 1];$ 
 []


! LaTeX Error: Missing \begin{document}.

See the LaTeX manual or LaTeX Companion for explanation.
Type  H <return>  for immediate help.
 ...                                              
                                                  
l.6 e
     xit_flows = [ 3000; 2000; 0; 0];
You're in trouble here.  Try typing  <return>  to proceed.
If that doesn't work, type  X <return>  to quit.

Missing character: There is no e in font nullfont!
Missing character: There is no x in font nullfont!
Missing character: There is no i in font nullfont!
Missing character: There is no t in font nullfont!
! Missing $ inserted.
<inserted text> 
                $
l.6 exit_
         flows = [ 3000; 2000; 0; 0];
I've inserted a begin-math/end-math symbol since I think
you left one out. Proceed, with fingers crossed.

! Missing $ inserted.
<inserted text> 
                $
l.7 
    
I've inserted a begin-math/end-math symbol since I think
you left one out. Proceed, with fingers crossed.


Overfull \hbox (55.88315pt too wide) in paragraph at lines 6--7
[]$[]\OML/cmm/m/it/10 lows \OT1/cmr/m/n/10 =
 []


Overfull \hbox (71.66675pt too wide) in paragraph at lines 6--7
\OT1/cmr/m/n/10 [3000; 2000; 0; 0];$ 
 []


! LaTeX Error: Missing \begin{document}.

See the LaTeX manual or LaTeX Companion for explanation.
Type  H <return>  for immediate help.
 ...                                              
                                                  
l.8 p
     opulations = [ 10000; 15000; 5000; 17000];
You're in trouble here.  Try typing  <return>  to proceed.
If that doesn't work, type  X <return>  to quit.

Missing character: There is no p in font nullfont!
Missing character: There is no o in font nullfont!
Missing character: There is no p in font nullfont!
Missing character: There is no u in font nullfont!
Missing character: There is no l in font nullfont!
Missing character: There is no a in font nullfont!
Missing character: There is no t in font nullfont!
Missing character: There is no i in font nullfont!
Missing character: There is no o in font nullfont!
Missing character: There is no n in font nullfont!
Missing character: There is no s in font nullfont!
Missing character: There is no = in font nullfont!
Missing character: There is no [ in font nullfont!
Missing character: There is no 1 in font nullfont!
Missing character: There is no 0 in font nullfont!
Missing character: There is no 0 in font nullfont!
Missing character: There is no 0 in font nullfont!
Missing character: There is no 0 in font nullfont!
Missing character: There is no ; in font nullfont!
Missing character: There is no 1 in font nullfont!
Missing character: There is no 5 in font nullfont!
Missing character: There is no 0 in font nullfont!
Missing character: There is no 0 in font nullfont!
Missing character: There is no 0 in font nullfont!
Missing character: There is no ; in font nullfont!
Missing character: There is no 5 in font nullfont!
Missing character: There is no 0 in font nullfont!
Missing character: There is no 0 in font nullfont!
Missing character: There is no 0 in font nullfont!
Missing character: There is no ; in font nullfont!
Missing character: There is no 1 in font nullfont!
Missing character: There is no 7 in font nullfont!
Missing character: There is no 0 in font nullfont!
Missing character: There is no 0 in font nullfont!
Missing character: There is no 0 in font nullfont!
Missing character: There is no ] in font nullfont!
Missing character: There is no ; in font nullfont!

Overfull \hbox (20.0pt too wide) in paragraph at lines 8--9
[]
 []


! LaTeX Error: Missing \begin{document}.

See the LaTeX manual or LaTeX Companion for explanation.
Type  H <return>  for immediate help.
 ...                                              
                                                  
l.10 m
      ax_flows = [1000;2000;500;1000;2000;500];
You're in trouble here.  Try typing  <return>  to proceed.
If that doesn't work, type  X <return>  to quit.

Missing character: There is no m in font nullfont!
Missing character: There is no a in font nullfont!
Missing character: There is no x in font nullfont!
! Missing $ inserted.
<inserted text> 
                $
l.10 max_
         flows = [1000;2000;500;1000;2000;500];
I've inserted a begin-math/end-math symbol since I think
you left one out. Proceed, with fingers crossed.

! Missing $ inserted.
<inserted text> 
                $
l.11 
     
I've inserted a begin-math/end-math symbol since I think
you left one out. Proceed, with fingers crossed.


Overfull \hbox (55.88315pt too wide) in paragraph at lines 10--11
[]$[]\OML/cmm/m/it/10 lows \OT1/cmr/m/n/10 =
 []


Overfull \hbox (140.55576pt too wide) in paragraph at lines 10--11
\OT1/cmr/m/n/10 [1000; 2000; 500; 1000; 2000; 500];$ 
 []


! LaTeX Error: Missing \begin{document}.

See the LaTeX manual or LaTeX Companion for explanation.
Type  H <return>  for immediate help.
 ...                                              
                                                  
l.12 o
      bjective_function = [0; 0; 0; 0; 0; 0];
You're in trouble here.  Try typing  <return>  to proceed.
If that doesn't work, type  X <return>  to quit.

Missing character: There is no o in font nullfont!
Missing character: There is no b in font nullfont!
Missing character: There is no j in font nullfont!
Missing character: There is no e in font nullfont!
Missing character: There is no c in font nullfont!
Missing character: There is no t in font nullfont!
Missing character: There is no i in font nullfont!
Missing character: There is no v in font nullfont!
Missing character: There is no e in font nullfont!
! Missing $ inserted.
<inserted text> 
                $
l.12 objective_
               function = [0; 0; 0; 0; 0; 0];
I've inserted a begin-math/end-math symbol since I think
you left one out. Proceed, with fingers crossed.

! Missing $ inserted.
<inserted text> 
                $
l.13 
     
I've inserted a begin-math/end-math symbol since I think
you left one out. Proceed, with fingers crossed.


Overfull \hbox (69.6999pt too wide) in paragraph at lines 12--13
[]$[]\OML/cmm/m/it/10 unction \OT1/cmr/m/n/10 =
 []


Overfull \hbox (60.55551pt too wide) in paragraph at lines 12--13
\OT1/cmr/m/n/10 [0; 0; 0; 0; 0; 0];$ 
 []


! LaTeX Error: Missing \begin{document}.

See the LaTeX manual or LaTeX Companion for explanation.
Type  H <return>  for immediate help.
 ...                                              
                                                  
l.14 f
      inal_time = sum(populations)/sum(exit_flows);
You're in trouble here.  Try typing  <return>  to proceed.
If that doesn't work, type  X <return>  to quit.

Missing character: There is no f in font nullfont!
Missing character: There is no i in font nullfont!
Missing character: There is no n in font nullfont!
Missing character: There is no a in font nullfont!
Missing character: There is no l in font nullfont!
! Missing $ inserted.
<inserted text> 
                $
l.14 final_
           time = sum(populations)/sum(exit_flows);
I've inserted a begin-math/end-math symbol since I think
you left one out. Proceed, with fingers crossed.

! Missing $ inserted.
<inserted text> 
                $
l.15 
     
I've inserted a begin-math/end-math symbol since I think
you left one out. Proceed, with fingers crossed.


Overfull \hbox (50.95789pt too wide) in paragraph at lines 14--15
[]$[]\OML/cmm/m/it/10 ime \OT1/cmr/m/n/10 =
 []


Overfull \hbox (156.16734pt too wide) in paragraph at lines 14--15
\OML/cmm/m/it/10 sum\OT1/cmr/m/n/10 (\OML/cmm/m/it/10 populations\OT1/cmr/m/n/1
0 )\OML/cmm/m/it/10 =sum\OT1/cmr/m/n/10 (\OML/cmm/m/it/10 exit[]lows\OT1/cmr/m/
n/10 );$ 
 []


! LaTeX Error: Missing \begin{document}.

See the LaTeX manual or LaTeX Companion for explanation.
Type  H <return>  for immediate help.
 ...                                              
                                                  
l.16 K
       = null(flux_matrix)
You're in trouble here.  Try typing  <return>  to proceed.
If that doesn't work, type  X <return>  to quit.

Missing character: There is no K in font nullfont!
Missing character: There is no = in font nullfont!
Missing character: There is no n in font nullfont!
Missing character: There is no u in font nullfont!
Missing character: There is no l in font nullfont!
Missing character: There is no l in font nullfont!
Missing character: There is no ( in font nullfont!
Missing character: There is no f in font nullfont!
Missing character: There is no l in font nullfont!
Missing character: There is no u in font nullfont!
Missing character: There is no x in font nullfont!
! Missing $ inserted.
<inserted text> 
                $
l.16 K = null(flux_
                   matrix)
I've inserted a begin-math/end-math symbol since I think
you left one out. Proceed, with fingers crossed.


! LaTeX Error: Bad math environment delimiter.

See the LaTeX manual or LaTeX Companion for explanation.
Type  H <return>  for immediate help.
 ...                                              
                                                  
l.17 pseudoinverse = flux_matrix\(
                                  populations/final_time - exit_flows)
Your command was ignored.
Type  I <command> <return>  to replace it with another command,
or  <return>  to continue without it.

! Missing $ inserted.
<inserted text> 
                $
l.18 
     
I've inserted a begin-math/end-math symbol since I think
you left one out. Proceed, with fingers crossed.


Overfull \hbox (20.0pt too wide) in paragraph at lines 16--18
[]
 []


Overfull \hbox (108.48187pt too wide) in paragraph at lines 16--18
[]\OML/cmm/m/it/10 atrix\OT1/cmr/m/n/10 )\OML/cmm/m/it/10 pseudoinverse \OT1/cm
r/m/n/10 =
 []


Overfull \hbox (159.59927pt too wide) in paragraph at lines 16--18
\OML/cmm/m/it/10 flux[]atrixpopulations=final[]ime \OMS/cmsy/m/n/10 ^^@
 []


Overfull \hbox (46.64432pt too wide) in paragraph at lines 16--18
\OML/cmm/m/it/10 exit[]lows\OT1/cmr/m/n/10 )$ 
 []

)
! Emergency stop.
<*> toy-road-network-example.m
                              
*** (job aborted, no legal \end found)

 
Here is how much of TeX's memory you used:
 8 strings out of 495020
 235 string characters out of 6181324
 46973 words of memory out of 5000000
 3322 multiletter control sequences out of 15000+600000
 3640 words of font info for 14 fonts, out of 8000000 for 9000
 14 hyphenation exceptions out of 8191
 18i,1n,12p,94b,56s stack positions out of 5000i,500n,10000p,200000b,80000s
!  ==> Fatal error occurred, no output PDF file produced!
